2021-09-02T13:51:45+00:00 CRITICAL Uncaught Error: Call to a member function get_cart() on null in C:\MAMP\htdocs\EgyptWood\wp-content\themes\ambient\framework\modules\woocommerce\widgets\woocommerce-dropdown-cart.php:115
Stack trace:
#0 C:\MAMP\htdocs\EgyptWood\wp-includes\class-wp-widget.php(393): AmbientElatedClassWoocommerceDropdownCart->widget(Array, Array)
#1 C:\MAMP\htdocs\EgyptWood\wp-includes\widgets.php(1977): WP_Widget->display_callback(Array, Array)
#2 C:\MAMP\htdocs\EgyptWood\wp-includes\rest-api\endpoints\class-wp-rest-widgets-controller.php(630): wp_render_widget('eltdf_woocommer...', 'search-cart-sid...')
#3 C:\MAMP\htdocs\EgyptWood\wp-includes\rest-api\endpoints\class-wp-rest-widgets-controller.php(122): WP_REST_Widgets_Controller->prepare_item_for_response(Array, Object(WP_REST_Request))
#4 C:\MAMP\htdocs\EgyptWood\wp-includes\rest-api\class-wp-rest-server.php(1140): WP_REST_Widgets_Controller->get_items(Object(WP_REST_Request))
#5 C:\MAMP\htdocs\EgyptWood\wp-includes\rest-api\class-wp-rest-server.php(987): WP_REST_Server->re in C:\MAMP\htdocs\EgyptWood\wp-content\themes\ambient\framework\modules\woocommerce\widgets\woocommerce-dropdown-cart.php on line 115

2021-09-02T13:53:38+00:00 CRITICAL Uncaught Error: Call to a member function get_cart() on null in C:\MAMP\htdocs\EgyptWood\wp-content\themes\ambient\framework\modules\woocommerce\widgets\woocommerce-dropdown-cart.php:115
Stack trace:
#0 C:\MAMP\htdocs\EgyptWood\wp-includes\class-wp-widget.php(393): AmbientElatedClassWoocommerceDropdownCart->widget(Array, Array)
#1 C:\MAMP\htdocs\EgyptWood\wp-includes\widgets.php(1977): WP_Widget->display_callback(Array, Array)
#2 C:\MAMP\htdocs\EgyptWood\wp-includes\rest-api\endpoints\class-wp-rest-widgets-controller.php(630): wp_render_widget('eltdf_woocommer...', 'search-cart-sid...')
#3 C:\MAMP\htdocs\EgyptWood\wp-includes\rest-api\endpoints\class-wp-rest-widgets-controller.php(122): WP_REST_Widgets_Controller->prepare_item_for_response(Array, Object(WP_REST_Request))
#4 C:\MAMP\htdocs\EgyptWood\wp-includes\rest-api\class-wp-rest-server.php(1140): WP_REST_Widgets_Controller->get_items(Object(WP_REST_Request))
#5 C:\MAMP\htdocs\EgyptWood\wp-includes\rest-api\class-wp-rest-server.php(987): WP_REST_Server->re in C:\MAMP\htdocs\EgyptWood\wp-content\themes\ambient\framework\modules\woocommerce\widgets\woocommerce-dropdown-cart.php on line 115

2021-09-02T13:53:55+00:00 CRITICAL Uncaught Error: Call to a member function get_cart() on null in C:\MAMP\htdocs\EgyptWood\wp-content\themes\ambient\framework\modules\woocommerce\widgets\woocommerce-dropdown-cart.php:115
Stack trace:
#0 C:\MAMP\htdocs\EgyptWood\wp-includes\class-wp-widget.php(393): AmbientElatedClassWoocommerceDropdownCart->widget(Array, Array)
#1 C:\MAMP\htdocs\EgyptWood\wp-includes\widgets.php(1977): WP_Widget->display_callback(Array, Array)
#2 C:\MAMP\htdocs\EgyptWood\wp-includes\rest-api\endpoints\class-wp-rest-widgets-controller.php(630): wp_render_widget('eltdf_woocommer...', 'search-cart-sid...')
#3 C:\MAMP\htdocs\EgyptWood\wp-includes\rest-api\endpoints\class-wp-rest-widgets-controller.php(122): WP_REST_Widgets_Controller->prepare_item_for_response(Array, Object(WP_REST_Request))
#4 C:\MAMP\htdocs\EgyptWood\wp-includes\rest-api\class-wp-rest-server.php(1140): WP_REST_Widgets_Controller->get_items(Object(WP_REST_Request))
#5 C:\MAMP\htdocs\EgyptWood\wp-includes\rest-api\class-wp-rest-server.php(987): WP_REST_Server->re in C:\MAMP\htdocs\EgyptWood\wp-content\themes\ambient\framework\modules\woocommerce\widgets\woocommerce-dropdown-cart.php on line 115

2021-09-02T14:02:49+00:00 CRITICAL Uncaught Error: Call to a member function get_cart() on null in C:\MAMP\htdocs\EgyptWood\wp-content\themes\ambient\framework\modules\woocommerce\widgets\woocommerce-dropdown-cart.php:115
Stack trace:
#0 C:\MAMP\htdocs\EgyptWood\wp-includes\class-wp-widget.php(393): AmbientElatedClassWoocommerceDropdownCart->widget(Array, Array)
#1 C:\MAMP\htdocs\EgyptWood\wp-includes\widgets.php(1977): WP_Widget->display_callback(Array, Array)
#2 C:\MAMP\htdocs\EgyptWood\wp-includes\rest-api\endpoints\class-wp-rest-widgets-controller.php(630): wp_render_widget('eltdf_woocommer...', 'search-cart-sid...')
#3 C:\MAMP\htdocs\EgyptWood\wp-includes\rest-api\endpoints\class-wp-rest-widgets-controller.php(122): WP_REST_Widgets_Controller->prepare_item_for_response(Array, Object(WP_REST_Request))
#4 C:\MAMP\htdocs\EgyptWood\wp-includes\rest-api\class-wp-rest-server.php(1140): WP_REST_Widgets_Controller->get_items(Object(WP_REST_Request))
#5 C:\MAMP\htdocs\EgyptWood\wp-includes\rest-api\class-wp-rest-server.php(987): WP_REST_Server->re in C:\MAMP\htdocs\EgyptWood\wp-content\themes\ambient\framework\modules\woocommerce\widgets\woocommerce-dropdown-cart.php on line 115

2021-09-02T14:03:33+00:00 CRITICAL Cannot declare class Vc_Manager, because the name is already in use in C:\MAMP\htdocs\EgyptWood\wp-content\plugins\js_composer\js_composer.php on line 33

2021-09-02T14:03:35+00:00 CRITICAL Cannot declare class Vc_Manager, because the name is already in use in C:\MAMP\htdocs\EgyptWood\wp-content\plugins\js_composer\js_composer.php on line 33

2021-09-02T14:03:35+00:00 CRITICAL Cannot declare class Vc_Manager, because the name is already in use in C:\MAMP\htdocs\EgyptWood\wp-content\plugins\js_composer\js_composer.php on line 33

2021-09-02T14:04:24+00:00 CRITICAL Uncaught Error: Call to a member function get_cart() on null in C:\MAMP\htdocs\EgyptWood\wp-content\themes\ambient\framework\modules\woocommerce\widgets\woocommerce-dropdown-cart.php:115
Stack trace:
#0 C:\MAMP\htdocs\EgyptWood\wp-includes\class-wp-widget.php(393): AmbientElatedClassWoocommerceDropdownCart->widget(Array, Array)
#1 C:\MAMP\htdocs\EgyptWood\wp-includes\widgets.php(1977): WP_Widget->display_callback(Array, Array)
#2 C:\MAMP\htdocs\EgyptWood\wp-includes\rest-api\endpoints\class-wp-rest-widgets-controller.php(630): wp_render_widget('eltdf_woocommer...', 'search-cart-sid...')
#3 C:\MAMP\htdocs\EgyptWood\wp-includes\rest-api\endpoints\class-wp-rest-widgets-controller.php(122): WP_REST_Widgets_Controller->prepare_item_for_response(Array, Object(WP_REST_Request))
#4 C:\MAMP\htdocs\EgyptWood\wp-includes\rest-api\class-wp-rest-server.php(1140): WP_REST_Widgets_Controller->get_items(Object(WP_REST_Request))
#5 C:\MAMP\htdocs\EgyptWood\wp-includes\rest-api\class-wp-rest-server.php(987): WP_REST_Server->re in C:\MAMP\htdocs\EgyptWood\wp-content\themes\ambient\framework\modules\woocommerce\widgets\woocommerce-dropdown-cart.php on line 115

2021-09-02T14:05:21+00:00 CRITICAL Uncaught Error: Call to a member function get_cart() on null in C:\MAMP\htdocs\EgyptWood\wp-content\themes\ambient\framework\modules\woocommerce\widgets\woocommerce-dropdown-cart.php:115
Stack trace:
#0 C:\MAMP\htdocs\EgyptWood\wp-includes\class-wp-widget.php(393): AmbientElatedClassWoocommerceDropdownCart->widget(Array, Array)
#1 C:\MAMP\htdocs\EgyptWood\wp-includes\widgets.php(1977): WP_Widget->display_callback(Array, Array)
#2 C:\MAMP\htdocs\EgyptWood\wp-includes\rest-api\endpoints\class-wp-rest-widgets-controller.php(630): wp_render_widget('eltdf_woocommer...', 'search-cart-sid...')
#3 C:\MAMP\htdocs\EgyptWood\wp-includes\rest-api\endpoints\class-wp-rest-widgets-controller.php(122): WP_REST_Widgets_Controller->prepare_item_for_response(Array, Object(WP_REST_Request))
#4 C:\MAMP\htdocs\EgyptWood\wp-includes\rest-api\class-wp-rest-server.php(1140): WP_REST_Widgets_Controller->get_items(Object(WP_REST_Request))
#5 C:\MAMP\htdocs\EgyptWood\wp-includes\rest-api\class-wp-rest-server.php(987): WP_REST_Server->re in C:\MAMP\htdocs\EgyptWood\wp-content\themes\ambient\framework\modules\woocommerce\widgets\woocommerce-dropdown-cart.php on line 115

2021-09-02T14:10:39+00:00 CRITICAL syntax error, unexpected 'id' (T_STRING), expecting ')' in C:\MAMP\htdocs\EgyptWood\wp-content\themes\ambient\functions.php on line 880

2021-09-02T14:10:46+00:00 CRITICAL syntax error, unexpected 'id' (T_STRING), expecting ')' in C:\MAMP\htdocs\EgyptWood\wp-content\themes\ambient\functions.php on line 880

2021-09-02T14:10:52+00:00 CRITICAL syntax error, unexpected 'id' (T_STRING), expecting ')' in C:\MAMP\htdocs\EgyptWood\wp-content\themes\ambient\functions.php on line 880

2021-09-02T14:10:57+00:00 CRITICAL syntax error, unexpected 'id' (T_STRING), expecting ')' in C:\MAMP\htdocs\EgyptWood\wp-content\themes\ambient\functions.php on line 880

2021-09-02T14:11:11+00:00 CRITICAL Uncaught Error: Call to a member function get_cart() on null in C:\MAMP\htdocs\EgyptWood\wp-content\themes\ambient\framework\modules\woocommerce\widgets\woocommerce-dropdown-cart.php:115
Stack trace:
#0 C:\MAMP\htdocs\EgyptWood\wp-includes\class-wp-widget.php(393): AmbientElatedClassWoocommerceDropdownCart->widget(Array, Array)
#1 C:\MAMP\htdocs\EgyptWood\wp-includes\widgets.php(1977): WP_Widget->display_callback(Array, Array)
#2 C:\MAMP\htdocs\EgyptWood\wp-includes\rest-api\endpoints\class-wp-rest-widgets-controller.php(630): wp_render_widget('eltdf_woocommer...', 'search-cart-sid...')
#3 C:\MAMP\htdocs\EgyptWood\wp-includes\rest-api\endpoints\class-wp-rest-widgets-controller.php(122): WP_REST_Widgets_Controller->prepare_item_for_response(Array, Object(WP_REST_Request))
#4 C:\MAMP\htdocs\EgyptWood\wp-includes\rest-api\class-wp-rest-server.php(1140): WP_REST_Widgets_Controller->get_items(Object(WP_REST_Request))
#5 C:\MAMP\htdocs\EgyptWood\wp-includes\rest-api\class-wp-rest-server.php(987): WP_REST_Server->re in C:\MAMP\htdocs\EgyptWood\wp-content\themes\ambient\framework\modules\woocommerce\widgets\woocommerce-dropdown-cart.php on line 115

2021-09-02T14:12:03+00:00 CRITICAL syntax error, unexpected 'id' (T_STRING), expecting ')' in C:\MAMP\htdocs\EgyptWood\wp-content\themes\ambient\functions.php on line 879

2021-09-02T14:12:16+00:00 CRITICAL Uncaught Error: Call to a member function get_cart() on null in C:\MAMP\htdocs\EgyptWood\wp-content\themes\ambient\framework\modules\woocommerce\widgets\woocommerce-dropdown-cart.php:115
Stack trace:
#0 C:\MAMP\htdocs\EgyptWood\wp-includes\class-wp-widget.php(393): AmbientElatedClassWoocommerceDropdownCart->widget(Array, Array)
#1 C:\MAMP\htdocs\EgyptWood\wp-includes\widgets.php(1977): WP_Widget->display_callback(Array, Array)
#2 C:\MAMP\htdocs\EgyptWood\wp-includes\rest-api\endpoints\class-wp-rest-widgets-controller.php(630): wp_render_widget('eltdf_woocommer...', 'search-cart-sid...')
#3 C:\MAMP\htdocs\EgyptWood\wp-includes\rest-api\endpoints\class-wp-rest-widgets-controller.php(122): WP_REST_Widgets_Controller->prepare_item_for_response(Array, Object(WP_REST_Request))
#4 C:\MAMP\htdocs\EgyptWood\wp-includes\rest-api\class-wp-rest-server.php(1140): WP_REST_Widgets_Controller->get_items(Object(WP_REST_Request))
#5 C:\MAMP\htdocs\EgyptWood\wp-includes\rest-api\class-wp-rest-server.php(987): WP_REST_Server->re in C:\MAMP\htdocs\EgyptWood\wp-content\themes\ambient\framework\modules\woocommerce\widgets\woocommerce-dropdown-cart.php on line 115

2021-09-02T14:21:19+00:00 CRITICAL Uncaught Error: Call to a member function get_cart() on null in C:\MAMP\htdocs\EgyptWood\wp-content\themes\ambient\framework\modules\woocommerce\widgets\woocommerce-dropdown-cart.php:115
Stack trace:
#0 C:\MAMP\htdocs\EgyptWood\wp-includes\widgets.php(1224): AmbientElatedClassWoocommerceDropdownCart->widget(Array, Array)
#1 C:\MAMP\htdocs\EgyptWood\wp-includes\rest-api\endpoints\class-wp-rest-widget-types-controller.php(520): the_widget('AmbientElatedCl...', Array)
#2 C:\MAMP\htdocs\EgyptWood\wp-includes\rest-api\endpoints\class-wp-rest-widget-types-controller.php(490): WP_REST_Widget_Types_Controller->get_widget_preview('AmbientElatedCl...', Array)
#3 C:\MAMP\htdocs\EgyptWood\wp-includes\rest-api\class-wp-rest-server.php(1140): WP_REST_Widget_Types_Controller->encode_form_data(Object(WP_REST_Request))
#4 C:\MAMP\htdocs\EgyptWood\wp-includes\rest-api\class-wp-rest-server.php(987): WP_REST_Server->respond_to_request(Object(WP_REST_Request), '/wp/v2/widget-t...', Array, NULL)
#5 C:\MAMP\htdocs\EgyptWood\wp-incl in C:\MAMP\htdocs\EgyptWood\wp-content\themes\ambient\framework\modules\woocommerce\widgets\woocommerce-dropdown-cart.php on line 115

2021-09-02T14:21:21+00:00 CRITICAL Uncaught Error: Call to a member function get_cart() on null in C:\MAMP\htdocs\EgyptWood\wp-content\themes\ambient\framework\modules\woocommerce\widgets\woocommerce-dropdown-cart.php:115
Stack trace:
#0 C:\MAMP\htdocs\EgyptWood\wp-includes\widgets.php(1224): AmbientElatedClassWoocommerceDropdownCart->widget(Array, Array)
#1 C:\MAMP\htdocs\EgyptWood\wp-includes\rest-api\endpoints\class-wp-rest-widget-types-controller.php(520): the_widget('AmbientElatedCl...', Array)
#2 C:\MAMP\htdocs\EgyptWood\wp-includes\rest-api\endpoints\class-wp-rest-widget-types-controller.php(490): WP_REST_Widget_Types_Controller->get_widget_preview('AmbientElatedCl...', Array)
#3 C:\MAMP\htdocs\EgyptWood\wp-includes\rest-api\class-wp-rest-server.php(1140): WP_REST_Widget_Types_Controller->encode_form_data(Object(WP_REST_Request))
#4 C:\MAMP\htdocs\EgyptWood\wp-includes\rest-api\class-wp-rest-server.php(987): WP_REST_Server->respond_to_request(Object(WP_REST_Request), '/wp/v2/widget-t...', Array, NULL)
#5 C:\MAMP\htdocs\EgyptWood\wp-incl in C:\MAMP\htdocs\EgyptWood\wp-content\themes\ambient\framework\modules\woocommerce\widgets\woocommerce-dropdown-cart.php on line 115

2021-09-02T14:22:10+00:00 CRITICAL Uncaught Error: Call to a member function get_cart() on null in C:\MAMP\htdocs\EgyptWood\wp-content\themes\ambient\framework\modules\woocommerce\widgets\woocommerce-dropdown-cart.php:115
Stack trace:
#0 C:\MAMP\htdocs\EgyptWood\wp-includes\widgets.php(1224): AmbientElatedClassWoocommerceDropdownCart->widget(Array, Array)
#1 C:\MAMP\htdocs\EgyptWood\wp-includes\rest-api\endpoints\class-wp-rest-widget-types-controller.php(520): the_widget('AmbientElatedCl...', Array)
#2 C:\MAMP\htdocs\EgyptWood\wp-includes\rest-api\endpoints\class-wp-rest-widget-types-controller.php(490): WP_REST_Widget_Types_Controller->get_widget_preview('AmbientElatedCl...', Array)
#3 C:\MAMP\htdocs\EgyptWood\wp-includes\rest-api\class-wp-rest-server.php(1140): WP_REST_Widget_Types_Controller->encode_form_data(Object(WP_REST_Request))
#4 C:\MAMP\htdocs\EgyptWood\wp-includes\rest-api\class-wp-rest-server.php(987): WP_REST_Server->respond_to_request(Object(WP_REST_Request), '/wp/v2/widget-t...', Array, NULL)
#5 C:\MAMP\htdocs\EgyptWood\wp-incl in C:\MAMP\htdocs\EgyptWood\wp-content\themes\ambient\framework\modules\woocommerce\widgets\woocommerce-dropdown-cart.php on line 115

2021-09-02T14:22:10+00:00 CRITICAL Uncaught Error: Call to a member function get_cart() on null in C:\MAMP\htdocs\EgyptWood\wp-content\themes\ambient\framework\modules\woocommerce\widgets\woocommerce-dropdown-cart.php:115
Stack trace:
#0 C:\MAMP\htdocs\EgyptWood\wp-includes\widgets.php(1224): AmbientElatedClassWoocommerceDropdownCart->widget(Array, Array)
#1 C:\MAMP\htdocs\EgyptWood\wp-includes\rest-api\endpoints\class-wp-rest-widget-types-controller.php(520): the_widget('AmbientElatedCl...', Array)
#2 C:\MAMP\htdocs\EgyptWood\wp-includes\rest-api\endpoints\class-wp-rest-widget-types-controller.php(490): WP_REST_Widget_Types_Controller->get_widget_preview('AmbientElatedCl...', Array)
#3 C:\MAMP\htdocs\EgyptWood\wp-includes\rest-api\class-wp-rest-server.php(1140): WP_REST_Widget_Types_Controller->encode_form_data(Object(WP_REST_Request))
#4 C:\MAMP\htdocs\EgyptWood\wp-includes\rest-api\class-wp-rest-server.php(987): WP_REST_Server->respond_to_request(Object(WP_REST_Request), '/wp/v2/widget-t...', Array, NULL)
#5 C:\MAMP\htdocs\EgyptWood\wp-incl in C:\MAMP\htdocs\EgyptWood\wp-content\themes\ambient\framework\modules\woocommerce\widgets\woocommerce-dropdown-cart.php on line 115

2021-09-02T14:24:38+00:00 CRITICAL Uncaught Error: Call to a member function get_cart() on null in C:\MAMP\htdocs\EgyptWood\wp-content\themes\ambient\framework\modules\woocommerce\widgets\woocommerce-dropdown-cart.php:115
Stack trace:
#0 C:\MAMP\htdocs\EgyptWood\wp-includes\widgets.php(1224): AmbientElatedClassWoocommerceDropdownCart->widget(Array, Array)
#1 C:\MAMP\htdocs\EgyptWood\wp-includes\rest-api\endpoints\class-wp-rest-widget-types-controller.php(520): the_widget('AmbientElatedCl...', Array)
#2 C:\MAMP\htdocs\EgyptWood\wp-includes\rest-api\endpoints\class-wp-rest-widget-types-controller.php(490): WP_REST_Widget_Types_Controller->get_widget_preview('AmbientElatedCl...', Array)
#3 C:\MAMP\htdocs\EgyptWood\wp-includes\rest-api\class-wp-rest-server.php(1140): WP_REST_Widget_Types_Controller->encode_form_data(Object(WP_REST_Request))
#4 C:\MAMP\htdocs\EgyptWood\wp-includes\rest-api\class-wp-rest-server.php(987): WP_REST_Server->respond_to_request(Object(WP_REST_Request), '/wp/v2/widget-t...', Array, NULL)
#5 C:\MAMP\htdocs\EgyptWood\wp-incl in C:\MAMP\htdocs\EgyptWood\wp-content\themes\ambient\framework\modules\woocommerce\widgets\woocommerce-dropdown-cart.php on line 115

2021-09-02T14:24:38+00:00 CRITICAL Uncaught Error: Call to a member function get_cart() on null in C:\MAMP\htdocs\EgyptWood\wp-content\themes\ambient\framework\modules\woocommerce\widgets\woocommerce-dropdown-cart.php:115
Stack trace:
#0 C:\MAMP\htdocs\EgyptWood\wp-includes\widgets.php(1224): AmbientElatedClassWoocommerceDropdownCart->widget(Array, Array)
#1 C:\MAMP\htdocs\EgyptWood\wp-includes\rest-api\endpoints\class-wp-rest-widget-types-controller.php(520): the_widget('AmbientElatedCl...', Array)
#2 C:\MAMP\htdocs\EgyptWood\wp-includes\rest-api\endpoints\class-wp-rest-widget-types-controller.php(490): WP_REST_Widget_Types_Controller->get_widget_preview('AmbientElatedCl...', Array)
#3 C:\MAMP\htdocs\EgyptWood\wp-includes\rest-api\class-wp-rest-server.php(1140): WP_REST_Widget_Types_Controller->encode_form_data(Object(WP_REST_Request))
#4 C:\MAMP\htdocs\EgyptWood\wp-includes\rest-api\class-wp-rest-server.php(987): WP_REST_Server->respond_to_request(Object(WP_REST_Request), '/wp/v2/widget-t...', Array, NULL)
#5 C:\MAMP\htdocs\EgyptWood\wp-incl in C:\MAMP\htdocs\EgyptWood\wp-content\themes\ambient\framework\modules\woocommerce\widgets\woocommerce-dropdown-cart.php on line 115

2021-09-02T14:49:28+00:00 CRITICAL Uncaught Error: Call to a member function get_cart() on null in C:\MAMP\htdocs\EgyptWood\wp-content\themes\ambient\framework\modules\woocommerce\widgets\woocommerce-dropdown-cart.php:115
Stack trace:
#0 C:\MAMP\htdocs\EgyptWood\wp-includes\widgets.php(1224): AmbientElatedClassWoocommerceDropdownCart->widget(Array, Array)
#1 C:\MAMP\htdocs\EgyptWood\wp-includes\rest-api\endpoints\class-wp-rest-widget-types-controller.php(520): the_widget('AmbientElatedCl...', Array)
#2 C:\MAMP\htdocs\EgyptWood\wp-includes\rest-api\endpoints\class-wp-rest-widget-types-controller.php(490): WP_REST_Widget_Types_Controller->get_widget_preview('AmbientElatedCl...', Array)
#3 C:\MAMP\htdocs\EgyptWood\wp-includes\rest-api\class-wp-rest-server.php(1140): WP_REST_Widget_Types_Controller->encode_form_data(Object(WP_REST_Request))
#4 C:\MAMP\htdocs\EgyptWood\wp-includes\rest-api\class-wp-rest-server.php(987): WP_REST_Server->respond_to_request(Object(WP_REST_Request), '/wp/v2/widget-t...', Array, NULL)
#5 C:\MAMP\htdocs\EgyptWood\wp-incl in C:\MAMP\htdocs\EgyptWood\wp-content\themes\ambient\framework\modules\woocommerce\widgets\woocommerce-dropdown-cart.php on line 115

2021-09-02T14:49:28+00:00 CRITICAL Uncaught Error: Call to a member function get_cart() on null in C:\MAMP\htdocs\EgyptWood\wp-content\themes\ambient\framework\modules\woocommerce\widgets\woocommerce-dropdown-cart.php:115
Stack trace:
#0 C:\MAMP\htdocs\EgyptWood\wp-includes\widgets.php(1224): AmbientElatedClassWoocommerceDropdownCart->widget(Array, Array)
#1 C:\MAMP\htdocs\EgyptWood\wp-includes\rest-api\endpoints\class-wp-rest-widget-types-controller.php(520): the_widget('AmbientElatedCl...', Array)
#2 C:\MAMP\htdocs\EgyptWood\wp-includes\rest-api\endpoints\class-wp-rest-widget-types-controller.php(490): WP_REST_Widget_Types_Controller->get_widget_preview('AmbientElatedCl...', Array)
#3 C:\MAMP\htdocs\EgyptWood\wp-includes\rest-api\class-wp-rest-server.php(1140): WP_REST_Widget_Types_Controller->encode_form_data(Object(WP_REST_Request))
#4 C:\MAMP\htdocs\EgyptWood\wp-includes\rest-api\class-wp-rest-server.php(987): WP_REST_Server->respond_to_request(Object(WP_REST_Request), '/wp/v2/widget-t...', Array, NULL)
#5 C:\MAMP\htdocs\EgyptWood\wp-incl in C:\MAMP\htdocs\EgyptWood\wp-content\themes\ambient\framework\modules\woocommerce\widgets\woocommerce-dropdown-cart.php on line 115

2021-09-02T17:27:04+00:00 CRITICAL Uncaught Error: Call to a member function get_cart() on null in C:\MAMP\htdocs\EgyptWood\wp-content\themes\ambient\framework\modules\woocommerce\widgets\woocommerce-dropdown-cart.php:115
Stack trace:
#0 C:\MAMP\htdocs\EgyptWood\wp-includes\widgets.php(1224): AmbientElatedClassWoocommerceDropdownCart->widget(Array, Array)
#1 C:\MAMP\htdocs\EgyptWood\wp-includes\rest-api\endpoints\class-wp-rest-widget-types-controller.php(520): the_widget('AmbientElatedCl...', Array)
#2 C:\MAMP\htdocs\EgyptWood\wp-includes\rest-api\endpoints\class-wp-rest-widget-types-controller.php(490): WP_REST_Widget_Types_Controller->get_widget_preview('AmbientElatedCl...', Array)
#3 C:\MAMP\htdocs\EgyptWood\wp-includes\rest-api\class-wp-rest-server.php(1140): WP_REST_Widget_Types_Controller->encode_form_data(Object(WP_REST_Request))
#4 C:\MAMP\htdocs\EgyptWood\wp-includes\rest-api\class-wp-rest-server.php(987): WP_REST_Server->respond_to_request(Object(WP_REST_Request), '/wp/v2/widget-t...', Array, NULL)
#5 C:\MAMP\htdocs\EgyptWood\wp-incl in C:\MAMP\htdocs\EgyptWood\wp-content\themes\ambient\framework\modules\woocommerce\widgets\woocommerce-dropdown-cart.php on line 115

2021-09-02T17:27:04+00:00 CRITICAL Uncaught Error: Call to a member function get_cart() on null in C:\MAMP\htdocs\EgyptWood\wp-content\themes\ambient\framework\modules\woocommerce\widgets\woocommerce-dropdown-cart.php:115
Stack trace:
#0 C:\MAMP\htdocs\EgyptWood\wp-includes\widgets.php(1224): AmbientElatedClassWoocommerceDropdownCart->widget(Array, Array)
#1 C:\MAMP\htdocs\EgyptWood\wp-includes\rest-api\endpoints\class-wp-rest-widget-types-controller.php(520): the_widget('AmbientElatedCl...', Array)
#2 C:\MAMP\htdocs\EgyptWood\wp-includes\rest-api\endpoints\class-wp-rest-widget-types-controller.php(490): WP_REST_Widget_Types_Controller->get_widget_preview('AmbientElatedCl...', Array)
#3 C:\MAMP\htdocs\EgyptWood\wp-includes\rest-api\class-wp-rest-server.php(1140): WP_REST_Widget_Types_Controller->encode_form_data(Object(WP_REST_Request))
#4 C:\MAMP\htdocs\EgyptWood\wp-includes\rest-api\class-wp-rest-server.php(987): WP_REST_Server->respond_to_request(Object(WP_REST_Request), '/wp/v2/widget-t...', Array, NULL)
#5 C:\MAMP\htdocs\EgyptWood\wp-incl in C:\MAMP\htdocs\EgyptWood\wp-content\themes\ambient\framework\modules\woocommerce\widgets\woocommerce-dropdown-cart.php on line 115

